<?xml version="1.0" encoding="UTF-8"?>
<testsuite name="DiceTest" tests="1" skipped="0" failures="0" errors="0" timestamp="2017-06-27T23:37:02" hostname="epicodus-101.local" time="0.001">
  <properties/>
  <testcase name="checkForRandomSingleDiceRoll" classname="DiceTest" time="0.001"/>
  <system-out><![CDATA[]]></system-out>
  <system-err><![CDATA[]]></system-err>
</testsuite>
