<?xml version="1.0" encoding="UTF-8"?>
<testsuite name="DiceTest" tests="2" skipped="0" failures="0" errors="0" timestamp="2017-06-27T23:41:29" hostname="epicodus-101.local" time="0.002">
  <properties/>
  <testcase name="checkForRandomSingleDiceRoll" classname="DiceTest" time="0.002"/>
  <testcase name="checkForRandomDoubleDiceRoll" classname="DiceTest" time="0.0"/>
  <system-out><![CDATA[]]></system-out>
  <system-err><![CDATA[]]></system-err>
</testsuite>
